  Pile group analysis for   2 piles under general loading conditions

  Pile details are

            Freestanding length =  0.000E+00

            Equivalent Youngs modulus of embedded section of piles:

                      Axial :   3.300E+07 , Lateral (x-z):  3.300E+07 , Lateral (y-z):  3.300E+07

  Piles are constrained rotationally at pile cap, with relative fixity  0.1000E+01

  Pile layout details are:

           Pile no.        Radius         Base radius    X co-ord       Y co-ord       Embedment      Rake psi(x)    Rake psi(y)

               1            4.000E-01      4.000E-01     -1.200E+00      0.000E+00      1.700E+01      0.000E+00      0.000E+00
               2            4.000E-01      4.000E-01      1.200E+00      0.000E+00      1.700E+01      0.000E+00      0.000E+00
  Soil properties are:

            Axial load-deformation  -  G(0) =  1.200E+04
                                       dG/dz =  1.792E+03
                                       G(L)/G(b) =  7.720E-01
                                       Nu =  0.300
                                       Hyperbolic f =  0.000
                                       Hyperbolic g =    0.900
                                       Axial capacity tension-compression ratio =    0.646

            Lateral load-deformation - G(0) =  1.200E+04
                                       dG/dz =  1.792E+03
                                       Nu =  0.300
                                       Stiffness halved at u0/D =  0.020
                                       Hyperbolic power p =  0.850

  Nonlinear analysis with number of loading steps =  20


  Parameters for axial load-deformation behaviour are:

        Shear modulus at level of pile 1 base is G(L) =  4.246E+04
        Rho (pile 1) = G(L/2)/G(L) =  6.413E-01
        Shear modulus below pile pile 1 base is G(b) =  5.500E+04
        Xi = G(L)/G(b) =  7.720E-01
        Poissons ratio is nu =  0.300    
        Rm (pile 1) = 2.5*D + (0.25+xi*(2.5*rho*(1-nu)-0.25))*L +  0.000E+00 =  1.770E+01
        Pile 1 stiffness ratio is Epa/G(L) =  7.772E+02
        Axial flexibility of pile 1 (isolated, at mudline) =  1.603E-06


  Parameters for lateral load-deformation behaviour (x-z plane) are:

            Gc = (G(0)+(Lc/2)*Gm*(1.+0.75nu) =  2.181E+04
            Rhoc=G(Lc/4)/G(Lc/2) =  8.370E-01
            Critical slenderness ratio is Sc =  1.620E+01
            Critical depth is Lc =  6.480E+00
            Lateral flexibilities (isolated, at mudline) of first pile are:
                        u/H =  1.299E-05
                        th/H or u/M =  4.455E-06
                        th/M =  3.354E-06

  Parameters for lateral load-deformation behaviour (y-z plane) are:

            Gc = (G(0)+(Lc/2)*Gm*(1.+0.75nu) =  2.181E+04
            Rhoc=G(Lc/4)/G(Lc/2) =  8.370E-01
            Critical slenderness ratio is Sc =  1.620E+01
            Critical depth is Lc =  6.480E+00
            Lateral flexibilities (isolated, at mudline) of first pile are:
                        u/H =  1.299E-05
                        th/H or u/M =  4.455E-06
                        th/M =  3.354E-06


  Parameters for torsional load-deformation behaviour are:

            Gc = G(0)+Lc*Gm =  2.742E+04
            Rhoc = G(Lc/2)/Gc =  7.188E-01
            Critical slenderness ratio is Sc =  2.152E+01
            Critical depth is Lc =  8.606E+00
            Torsional flexibility (at mudline) of first pile =  8.299E-06






  The following pages of output give the load  deformation behaviour of the pile group under general loading


  1)  For unit vertical deflection of pile cap:

  Pile       Axial              Lateral            Moments            Lateral            Moments            Torques
  no.        loads              loads (x)          (x to z)           loads (y)          (y to z)           (x to y)
    1         4.6071E+05         0.0000E+00         0.0000E+00         0.0000E+00         0.0000E+00         0.0000E+00
    2         4.6071E+05         0.0000E+00         0.0000E+00         0.0000E+00         0.0000E+00         0.0000E+00


  2)  For unit horizontal deflection of pile cap - in x direction:

  Pile       Axial              Lateral            Moments            Lateral            Moments            Torques
  no.        loads              loads (x)          (x to z)           loads (y)          (y to z)           (x to y)
    1         0.0000E+00         9.8340E+04        -1.3933E+05         0.0000E+00         0.0000E+00         0.0000E+00
    2         0.0000E+00         9.8340E+04        -1.3933E+05         0.0000E+00         0.0000E+00         0.0000E+00


  3)  For unit rotation of pile cap - x towards z about y axis:

  Pile       Axial              Lateral            Moments            Lateral            Moments            Torques
  no.        loads              loads (x)          (x to z)           loads (y)          (y to z)           (x to y)
    1        -1.1599E+06        -1.3933E+05         4.8629E+05         0.0000E+00         0.0000E+00         0.0000E+00
    2         1.1599E+06        -1.3933E+05         4.8629E+05         0.0000E+00         0.0000E+00         0.0000E+00


  4)  For unit horizontal deflection of pile cap - in y direction:

  Pile       Axial              Lateral            Moments            Lateral            Moments            Torques
  no.        loads              loads (x)          (x to z)           loads (y)          (y to z)           (x to y)
    1         0.0000E+00         0.0000E+00         0.0000E+00         1.1287E+05        -1.5308E+05         0.0000E+00
    2         0.0000E+00         0.0000E+00         0.0000E+00         1.1287E+05        -1.5308E+05         0.0000E+00


  5)  For unit rotation of pile cap - y towards z about x axis:

  Pile       Axial              Lateral            Moments            Lateral            Moments            Torques
  no.        loads              loads (x)          (x to z)           loads (y)          (y to z)           (x to y)
    1         0.0000E+00         0.0000E+00         0.0000E+00        -1.5308E+05         5.0458E+05         0.0000E+00
    2         0.0000E+00         0.0000E+00         0.0000E+00        -1.5308E+05         5.0458E+05         0.0000E+00


  6)  For unit torsion of pile cap - x towards y about z axis:

  Pile       Axial              Lateral            Moments            Lateral            Moments            Torques
  no.        loads              loads (x)          (x to z)           loads (y)          (y to z)           (x to y)
    1         0.0000E+00         0.0000E+00         0.0000E+00        -2.2714E+05         2.9525E+05         1.2050E+05
    2         0.0000E+00         0.0000E+00         0.0000E+00         2.2714E+05        -2.9525E+05         1.2050E+05


  Overall group stiffness matrix is :

                                  Total          Total          Total          Total          Total          Total
                                  vertical       horizontal     moment         horizontal     moment         torque
                                  load           load (x)       (x to z)       load (y)       (y to z)       (x to y)

  Unit vertical deflection         9.2141E+05     0.0000E+00    -6.2500E-02     0.0000E+00     0.0000E+00     0.0000E+00

  Unit horizontal movement (x)     0.0000E+00     1.9668E+05    -2.7865E+05     0.0000E+00     0.0000E+00     0.0000E+00

  Unit rotation (x to z)          -6.2500E-02    -2.7865E+05     3.7564E+06     0.0000E+00     0.0000E+00     0.0000E+00

  Unit horizontal movement (y)     0.0000E+00     0.0000E+00     0.0000E+00     2.2574E+05    -3.0616E+05    -3.1250E-02

  Unit rotation (y to z)           0.0000E+00     0.0000E+00     0.0000E+00    -3.0616E+05     1.0092E+06     5.4688E-02

  Unit torsion (x to y)            0.0000E+00     0.0000E+00     0.0000E+00    -3.1250E-02     5.4688E-02     7.8614E+05





  Overall group flexibility matrix is :

                                  Vertical       Horizontal     Rotation (x    Horizontal    Rotation (y    Torsion (x
                                  deflection     deflection     to z about     deflection     to z about     to y about
                                  x = y = 0.0    (x dir.)       y axis)        (y dir.)       x axis)        z axis)

  Unit vertical load               1.0853E-06     2.8588E-14     2.0178E-14     0.0000E+00     0.0000E+00     0.0000E+00

  Unit horizontal load (x)         2.8588E-14     5.6815E-06     4.2146E-07     0.0000E+00     0.0000E+00     0.0000E+00

  Unit moment (x to z)             2.0178E-14     4.2146E-07     2.9748E-07     0.0000E+00     0.0000E+00     0.0000E+00

  Unit horizontal load (y)         0.0000E+00     0.0000E+00     0.0000E+00     7.5268E-06     2.2835E-06     1.4035E-13

  Unit moment (y to z)             0.0000E+00     0.0000E+00     0.0000E+00     2.2835E-06     1.6837E-06    -2.6354E-14

  Unit torque (x to y)             0.0000E+00     0.0000E+00     0.0000E+00     1.4035E-13    -2.6354E-14     1.2720E-06


  Load case no.  1 out of 12

  Pile loads and deformations

  Linear elastic analysis

 Load step     1     No. of failed piles    0

  Pile forces and deflections at cap level:

         Vertical            Horizontal          Moment              Horizontal          Moment              Torque
         load                load (x)            (x to z)            load (y)            (y to z)            (x to y)

          2.1470E+03         -9.3120E+00         -1.0211E+02          5.0710E+01          5.7036E+02         -4.3310E-01

         Vertical            Horizontal          Rotation            Horizontal          Rotation            Torsion
         deflection          defn  (x)           (x to z)            defn  (y)           (y to z)            (x to y)

          2.3301E-03         -9.5940E-05         -3.4299E-05          1.6841E-03          1.0761E-03         -5.5093E-07

  Pile       Axial              Lateral            Moments            Lateral            Moments            Torques
  no.        loads              loads (x)          (x to z)           loads (y)          (y to z)           (x to y)
    1         1.1133E+03        -4.6560E+00        -3.3126E+00         2.5480E+01         2.8502E+02        -6.6389E-02
    2         1.0337E+03        -4.6560E+00        -3.3126E+00         2.5230E+01         2.8535E+02        -6.6389E-02


  Profiles of bending moments in the (x,z) plane and (optionally) lateral
  deflections (relative to soil) in the x direction for specified   2 piles



  Profiles of bending moments in the (y,z) plane and (optionally) lateral
  deflections (relative to soil) in the y direction for specified   2 piles

  Pile number   1 (x,z) plane

  Depth      0.00E+00     8.10E-01     1.62E+00     2.43E+00     3.24E+00     4.05E+00     4.86E+00     5.67E+00

  Moment    -3.31E+00    -5.30E+00    -5.60E+00    -4.83E+00    -3.50E+00    -2.12E+00    -1.06E+00    -3.42E-01

  Defn u    -7.52E-05    -5.14E-05    -3.26E-05    -1.97E-05    -1.27E-05    -6.11E-06    -2.44E-06    -5.46E-07

  Pile number   1 (y,z) plane

  Depth      0.00E+00     8.10E-01     1.62E+00     2.43E+00     3.24E+00     4.05E+00     4.86E+00     5.67E+00

  Moment     2.85E+02     2.61E+02     2.13E+02     1.55E+02     9.72E+01     5.02E+01     1.92E+01     3.90E+00

  Defn u     1.60E-03     8.70E-04     3.82E-04     9.58E-05    -3.24E-05    -7.50E-05    -5.67E-05    -1.97E-05

  Pile number   2 (x,z) plane

  Depth      0.00E+00     8.10E-01     1.62E+00     2.43E+00     3.24E+00     4.05E+00     4.86E+00     5.67E+00

  Moment    -3.31E+00    -5.30E+00    -5.60E+00    -4.83E+00    -3.50E+00    -2.12E+00    -1.06E+00    -3.42E-01

  Defn u    -7.52E-05    -5.14E-05    -3.26E-05    -1.97E-05    -1.27E-05    -6.11E-06    -2.44E-06    -5.46E-07

  Pile number   2 (y,z) plane

  Depth      0.00E+00     8.10E-01     1.62E+00     2.43E+00     3.24E+00     4.05E+00     4.86E+00     5.67E+00

  Moment     2.85E+02     2.61E+02     2.13E+02     1.55E+02     9.72E+01     5.01E+01     1.91E+01     3.89E+00

  Defn u     1.60E-03     8.68E-04     3.81E-04     9.47E-05    -3.32E-05    -7.56E-05    -5.69E-05    -1.98E-05



  Load case no.  2 out of 12

  Pile loads and deformations

  Linear elastic analysis

 Load step     1     No. of failed piles    0

  Pile forces and deflections at cap level:

         Vertical            Horizontal          Moment              Horizontal          Moment              Torque
         load                load (x)            (x to z)            load (y)            (y to z)            (x to y)

          2.1473E+03         -5.5200E+00         -5.5330E+01         -5.0600E+01         -5.6940E+02          2.5560E-01

         Vertical            Horizontal          Rotation            Horizontal          Rotation            Torsion
         deflection          defn  (x)           (x to z)            defn  (y)           (y to z)            (x to y)

          2.3304E-03         -5.4681E-05         -1.8786E-05         -1.6811E-03         -1.0742E-03          3.2514E-07

  Pile       Axial              Lateral            Moments            Lateral            Moments            Torques
  no.        loads              loads (x)          (x to z)           loads (y)          (y to z)           (x to y)
    1         1.0954E+03        -2.7600E+00        -1.5169E+00        -2.5374E+01        -2.8460E+02         3.9181E-02
    2         1.0518E+03        -2.7600E+00        -1.5169E+00        -2.5226E+01        -2.8480E+02         3.9181E-02


  Profiles of bending moments in the (x,z) plane and (optionally) lateral
  deflections (relative to soil) in the x direction for specified   2 piles



  Profiles of bending moments in the (y,z) plane and (optionally) lateral
  deflections (relative to soil) in the y direction for specified   2 piles

  Pile number   1 (x,z) plane

  Depth      0.00E+00     8.10E-01     1.62E+00     2.43E+00     3.24E+00     4.05E+00     4.86E+00     5.67E+00

  Moment    -1.52E+00    -2.75E+00    -3.02E+00    -2.65E+00    -1.95E+00    -1.19E+00    -6.07E-01    -1.99E-01

  Defn u    -4.26E-05    -2.95E-05    -1.90E-05    -1.17E-05    -7.71E-06    -3.80E-06    -1.57E-06    -3.62E-07

  Pile number   1 (y,z) plane

  Depth      0.00E+00     8.10E-01     1.62E+00     2.43E+00     3.24E+00     4.05E+00     4.86E+00     5.67E+00

  Moment    -2.85E+02    -2.60E+02    -2.13E+02    -1.54E+02    -9.70E+01    -5.01E+01    -1.91E+01    -3.89E+00

  Defn u    -1.60E-03    -8.68E-04    -3.81E-04    -9.54E-05     3.25E-05     7.50E-05     5.66E-05     1.97E-05

  Pile number   2 (x,z) plane

  Depth      0.00E+00     8.10E-01     1.62E+00     2.43E+00     3.24E+00     4.05E+00     4.86E+00     5.67E+00

  Moment    -1.52E+00    -2.75E+00    -3.02E+00    -2.65E+00    -1.95E+00    -1.19E+00    -6.07E-01    -1.99E-01

  Defn u    -4.26E-05    -2.95E-05    -1.90E-05    -1.17E-05    -7.71E-06    -3.80E-06    -1.57E-06    -3.62E-07

  Pile number   2 (y,z) plane

  Depth      0.00E+00     8.10E-01     1.62E+00     2.43E+00     3.24E+00     4.05E+00     4.86E+00     5.67E+00

  Moment    -2.85E+02    -2.60E+02    -2.13E+02    -1.54E+02    -9.70E+01    -5.01E+01    -1.91E+01    -3.88E+00

  Defn u    -1.60E-03    -8.67E-04    -3.80E-04    -9.48E-05     3.30E-05     7.54E-05     5.68E-05     1.98E-05



  Load case no.  3 out of 12

  Pile loads and deformations

  Linear elastic analysis

 Load step     1     No. of failed piles    0

  Pile forces and deflections at cap level:

         Vertical            Horizontal          Moment              Horizontal          Moment              Torque
         load                load (x)            (x to z)            load (y)            (y to z)            (x to y)

          2.2523E+03          6.8620E+01          4.7543E+02          1.2780E+01          1.3397E+02          4.3050E-01

         Vertical            Horizontal          Rotation            Horizontal          Rotation            Torsion
         deflection          defn  (x)           (x to z)            defn  (y)           (y to z)            (x to y)

          2.4444E-03          5.9024E-04          1.7035E-04          4.0211E-04          2.5475E-04          5.4761E-07

  Pile       Axial              Lateral            Moments            Lateral            Moments            Torques
  no.        loads              loads (x)          (x to z)           loads (y)          (y to z)           (x to y)
    1         9.2854E+02         3.4310E+01         6.0481E-01         6.2656E+00         6.7147E+01         6.5989E-02
    2         1.3237E+03         3.4310E+01         6.0480E-01         6.5144E+00         6.6823E+01         6.5989E-02


  Profiles of bending moments in the (x,z) plane and (optionally) lateral
  deflections (relative to soil) in the x direction for specified   2 piles



  Profiles of bending moments in the (y,z) plane and (optionally) lateral
  deflections (relative to soil) in the y direction for specified   2 piles

  Pile number   1 (x,z) plane

  Depth      0.00E+00     8.10E-01     1.62E+00     2.43E+00     3.24E+00     4.05E+00     4.86E+00     5.67E+00

  Moment     6.05E-01     1.84E+01     2.50E+01     2.42E+01     1.88E+01     1.22E+01     6.63E+00     2.34E+00

  Defn u     4.48E-04     3.26E-04     2.22E-04     1.46E-04     1.03E-04     5.47E-05     2.42E-05     6.05E-06

  Pile number   1 (y,z) plane

  Depth      0.00E+00     8.10E-01     1.62E+00     2.43E+00     3.24E+00     4.05E+00     4.86E+00     5.67E+00

  Moment     6.71E+01     6.15E+01     5.04E+01     3.66E+01     2.30E+01     1.19E+01     4.57E+00     9.37E-01

  Defn u     3.81E-04     2.07E-04     9.17E-05     2.37E-05    -6.84E-06    -1.73E-05    -1.32E-05    -4.61E-06

  Pile number   2 (x,z) plane

  Depth      0.00E+00     8.10E-01     1.62E+00     2.43E+00     3.24E+00     4.05E+00     4.86E+00     5.67E+00

  Moment     6.05E-01     1.84E+01     2.50E+01     2.42E+01     1.88E+01     1.22E+01     6.63E+00     2.34E+00

  Defn u     4.48E-04     3.26E-04     2.22E-04     1.46E-04     1.03E-04     5.47E-05     2.42E-05     6.05E-06

  Pile number   2 (y,z) plane

  Depth      0.00E+00     8.10E-01     1.62E+00     2.43E+00     3.24E+00     4.05E+00     4.86E+00     5.67E+00

  Moment     6.68E+01     6.14E+01     5.03E+01     3.66E+01     2.31E+01     1.20E+01     4.60E+00     9.52E-01

  Defn u     3.82E-04     2.09E-04     9.30E-05     2.48E-05    -5.97E-06    -1.67E-05    -1.29E-05    -4.53E-06



  Load case no.  4 out of 12

  Pile loads and deformations

  Linear elastic analysis

 Load step     1     No. of failed piles    0

  Pile forces and deflections at cap level:

         Vertical            Horizontal          Moment              Horizontal          Moment              Torque
         load                load (x)            (x to z)            load (y)            (y to z)            (x to y)

          2.2194E+03         -7.3980E+01         -4.9427E+02         -1.2830E+01         -1.3424E+02          1.5140E-01

         Vertical            Horizontal          Rotation            Horizontal          Rotation            Torsion
         deflection          defn  (x)           (x to z)            defn  (y)           (y to z)            (x to y)

          2.4087E-03         -6.2863E-04         -1.7821E-04         -4.0312E-04         -2.5532E-04          1.9259E-07

  Pile       Axial              Lateral            Moments            Lateral            Moments            Torques
  no.        loads              loads (x)          (x to z)           loads (y)          (y to z)           (x to y)
    1         1.3164E+03        -3.6990E+01         9.2039E-01        -6.4587E+00        -6.7066E+01         2.3208E-02
    2         9.0297E+02        -3.6990E+01         9.2040E-01        -6.3713E+00        -6.7179E+01         2.3208E-02


  Profiles of bending moments in the (x,z) plane and (optionally) lateral
  deflections (relative to soil) in the x direction for specified   2 piles



  Profiles of bending moments in the (y,z) plane and (optionally) lateral
  deflections (relative to soil) in the y direction for specified   2 piles

  Pile number   1 (x,z) plane

  Depth      0.00E+00     8.10E-01     1.62E+00     2.43E+00     3.24E+00     4.05E+00     4.86E+00     5.67E+00

  Moment     9.20E-01    -1.84E+01    -2.59E+01    -2.53E+01    -1.99E+01    -1.29E+01    -7.07E+00    -2.51E+00

  Defn u    -4.76E-04    -3.48E-04    -2.38E-04    -1.57E-04    -1.11E-04    -5.96E-05    -2.66E-05    -6.66E-06

  Pile number   1 (y,z) plane

  Depth      0.00E+00     8.10E-01     1.62E+00     2.43E+00     3.24E+00     4.05E+00     4.86E+00     5.67E+00

  Moment    -6.71E+01    -6.15E+01    -5.05E+01    -3.67E+01    -2.31E+01    -1.20E+01    -4.60E+00    -9.50E-01

  Defn u    -3.83E-04    -2.09E-04    -9.28E-05    -2.45E-05     6.23E-06     1.69E-05     1.30E-05     4.56E-06

  Pile number   2 (x,z) plane

  Depth      0.00E+00     8.10E-01     1.62E+00     2.43E+00     3.24E+00     4.05E+00     4.86E+00     5.67E+00

  Moment     9.20E-01    -1.84E+01    -2.59E+01    -2.53E+01    -1.99E+01    -1.29E+01    -7.07E+00    -2.51E+00

  Defn u    -4.76E-04    -3.48E-04    -2.38E-04    -1.57E-04    -1.11E-04    -5.96E-05    -2.66E-05    -6.66E-06

  Pile number   2 (y,z) plane

  Depth      0.00E+00     8.10E-01     1.62E+00     2.43E+00     3.24E+00     4.05E+00     4.86E+00     5.67E+00

  Moment    -6.72E+01    -6.16E+01    -5.05E+01    -3.67E+01    -2.31E+01    -1.20E+01    -4.59E+00    -9.45E-01

  Defn u    -3.82E-04    -2.08E-04    -9.24E-05    -2.41E-05     6.53E-06     1.71E-05     1.31E-05     4.59E-06



  Load case no.  5 out of 12

  Pile loads and deformations

  Linear elastic analysis

 Load step     1     No. of failed piles    0

  Pile forces and deflections at cap level:

         Vertical            Horizontal          Moment              Horizontal          Moment              Torque
         load                load (x)            (x to z)            load (y)            (y to z)            (x to y)

          2.1046E+03         -2.7920E+01         -3.2448E+02          8.9770E+00          1.0641E+02          2.3170E-01

         Vertical            Horizontal          Rotation            Horizontal          Rotation            Torsion
         deflection          defn  (x)           (x to z)            defn  (y)           (y to z)            (x to y)

          2.2841E-03         -2.9538E-04         -1.0829E-04          3.1054E-04          1.9965E-04          2.9473E-07

  Pile       Axial              Lateral            Moments            Lateral            Moments            Torques
  no.        loads              loads (x)          (x to z)           loads (y)          (y to z)           (x to y)
    1         1.1779E+03        -1.3960E+01        -1.1508E+01         4.4216E+00         5.3290E+01         3.5516E-02
    2         9.2667E+02        -1.3960E+01        -1.1508E+01         4.5555E+00         5.3116E+01         3.5516E-02


  Profiles of bending moments in the (x,z) plane and (optionally) lateral
  deflections (relative to soil) in the x direction for specified   2 piles



  Profiles of bending moments in the (y,z) plane and (optionally) lateral
  deflections (relative to soil) in the y direction for specified   2 piles

  Pile number   1 (x,z) plane

  Depth      0.00E+00     8.10E-01     1.62E+00     2.43E+00     3.24E+00     4.05E+00     4.86E+00     5.67E+00

  Moment    -1.15E+01    -1.72E+01    -1.79E+01    -1.53E+01    -1.10E+01    -6.60E+00    -3.26E+00    -1.04E+00

  Defn u    -2.33E-04    -1.58E-04    -9.89E-05    -5.89E-05    -3.75E-05    -1.77E-05    -6.91E-06    -1.50E-06

  Pile number   1 (y,z) plane

  Depth      0.00E+00     8.10E-01     1.62E+00     2.43E+00     3.24E+00     4.05E+00     4.86E+00     5.67E+00

  Moment     5.33E+01     4.85E+01     3.96E+01     2.87E+01     1.80E+01     9.26E+00     3.52E+00     7.06E-01

  Defn u     2.95E-04     1.59E-04     6.92E-05     1.65E-05    -7.08E-06    -1.46E-05    -1.08E-05    -3.75E-06

  Pile number   2 (x,z) plane

  Depth      0.00E+00     8.10E-01     1.62E+00     2.43E+00     3.24E+00     4.05E+00     4.86E+00     5.67E+00

  Moment    -1.15E+01    -1.72E+01    -1.79E+01    -1.53E+01    -1.10E+01    -6.60E+00    -3.26E+00    -1.04E+00

  Defn u    -2.33E-04    -1.58E-04    -9.89E-05    -5.89E-05    -3.75E-05    -1.77E-05    -6.91E-06    -1.50E-06

  Pile number   2 (y,z) plane

  Depth      0.00E+00     8.10E-01     1.62E+00     2.43E+00     3.24E+00     4.05E+00     4.86E+00     5.67E+00

  Moment     5.31E+01     4.84E+01     3.96E+01     2.87E+01     1.80E+01     9.28E+00     3.54E+00     7.14E-01

  Defn u     2.96E-04     1.60E-04     6.99E-05     1.70E-05    -6.61E-06    -1.43E-05    -1.07E-05    -3.71E-06



  Load case no.  6 out of 12

  Pile loads and deformations

  Linear elastic analysis

 Load step     1     No. of failed piles    0

  Pile forces and deflections at cap level:

         Vertical            Horizontal          Moment              Horizontal          Moment              Torque
         load                load (x)            (x to z)            load (y)            (y to z)            (x to y)

          3.1850E+03          2.8030E+00          3.4994E+01          5.3730E-02          6.3459E-01         -3.7840E-03

         Vertical            Horizontal          Rotation            Horizontal          Rotation            Torsion
         deflection          defn  (x)           (x to z)            defn  (y)           (y to z)            (x to y)

          3.4566E-03          3.0674E-05          1.1591E-05          1.8535E-06          1.1912E-06         -4.8134E-09

  Pile       Axial              Lateral            Moments            Lateral            Moments            Torques
  no.        loads              loads (x)          (x to z)           loads (y)          (y to z)           (x to y)
    1         1.5790E+03         1.4015E+00         1.3632E+00         2.7958E-02         3.1588E-01        -5.8003E-04
    2         1.6059E+03         1.4015E+00         1.3632E+00         2.5772E-02         3.1872E-01        -5.8003E-04


  Profiles of bending moments in the (x,z) plane and (optionally) lateral
  deflections (relative to soil) in the x direction for specified   2 piles



  Profiles of bending moments in the (y,z) plane and (optionally) lateral
  deflections (relative to soil) in the y direction for specified   2 piles

  Pile number   1 (x,z) plane

  Depth      0.00E+00     8.10E-01     1.62E+00     2.43E+00     3.24E+00     4.05E+00     4.86E+00     5.67E+00

  Moment     1.36E+00     1.91E+00     1.94E+00     1.63E+00     1.16E+00     6.92E-01     3.38E-01     1.06E-01

  Defn u     2.43E-05     1.63E-05     1.01E-05     5.90E-06     3.69E-06     1.69E-06     6.39E-07     1.33E-07

  Pile number   1 (y,z) plane

  Depth      0.00E+00     8.10E-01     1.62E+00     2.43E+00     3.24E+00     4.05E+00     4.86E+00     5.67E+00

  Moment     3.16E-01     2.89E-01     2.36E-01     1.71E-01     1.08E-01     5.55E-02     2.12E-02     4.31E-03

  Defn u     1.77E-06     9.61E-07     4.21E-07     1.05E-07    -3.67E-08    -8.36E-08    -6.30E-08    -2.19E-08

  Pile number   2 (x,z) plane

  Depth      0.00E+00     8.10E-01     1.62E+00     2.43E+00     3.24E+00     4.05E+00     4.86E+00     5.67E+00

  Moment     1.36E+00     1.91E+00     1.94E+00     1.63E+00     1.16E+00     6.92E-01     3.38E-01     1.06E-01

  Defn u     2.43E-05     1.63E-05     1.01E-05     5.90E-06     3.69E-06     1.69E-06     6.39E-07     1.33E-07

  Pile number   2 (y,z) plane

  Depth      0.00E+00     8.10E-01     1.62E+00     2.43E+00     3.24E+00     4.05E+00     4.86E+00     5.67E+00

  Moment     3.19E-01     2.90E-01     2.36E-01     1.71E-01     1.07E-01     5.52E-02     2.09E-02     4.18E-03

  Defn u     1.75E-06     9.47E-07     4.09E-07     9.56E-08    -4.44E-08    -8.83E-08    -6.53E-08    -2.26E-08



  Load case no.  7 out of 12

  Pile loads and deformations

  Linear elastic analysis

 Load step     1     No. of failed piles    0

  Pile forces and deflections at cap level:

         Vertical            Horizontal          Moment              Horizontal          Moment              Torque
         load                load (x)            (x to z)            load (y)            (y to z)            (x to y)

          2.1070E+03         -5.9790E+01         -7.0289E+02          5.0970E+00          6.0085E+01          2.7900E-01

         Vertical            Horizontal          Rotation            Horizontal          Rotation            Torsion
         deflection          defn  (x)           (x to z)            defn  (y)           (y to z)            (x to y)

          2.2867E-03         -6.3593E-04         -2.3429E-04          1.7557E-04          1.1280E-04          3.5490E-07

  Pile       Axial              Lateral            Moments            Lateral            Moments            Torques
  no.        loads              loads (x)          (x to z)           loads (y)          (y to z)           (x to y)
    1         1.3252E+03        -2.9895E+01        -2.5332E+01         2.4679E+00         3.0148E+01         4.2766E-02
    2         7.8172E+02        -2.9895E+01        -2.5332E+01         2.6291E+00         2.9938E+01         4.2766E-02


  Profiles of bending moments in the (x,z) plane and (optionally) lateral
  deflections (relative to soil) in the x direction for specified   2 piles



  Profiles of bending moments in the (y,z) plane and (optionally) lateral
  deflections (relative to soil) in the y direction for specified   2 piles

  Pile number   1 (x,z) plane

  Depth      0.00E+00     8.10E-01     1.62E+00     2.43E+00     3.24E+00     4.05E+00     4.86E+00     5.67E+00

  Moment    -2.53E+01    -3.75E+01    -3.88E+01    -3.30E+01    -2.37E+01    -1.42E+01    -7.02E+00    -2.23E+00

  Defn u    -5.01E-04    -3.39E-04    -2.12E-04    -1.26E-04    -8.01E-05    -3.75E-05    -1.46E-05    -3.16E-06

  Pile number   1 (y,z) plane

  Depth      0.00E+00     8.10E-01     1.62E+00     2.43E+00     3.24E+00     4.05E+00     4.86E+00     5.67E+00

  Moment     3.01E+01     2.74E+01     2.24E+01     1.62E+01     1.02E+01     5.23E+00     1.98E+00     3.97E-01

  Defn u     1.66E-04     8.98E-05     3.89E-05     9.17E-06    -4.11E-06    -8.30E-06    -6.15E-06    -2.13E-06

  Pile number   2 (x,z) plane

  Depth      0.00E+00     8.10E-01     1.62E+00     2.43E+00     3.24E+00     4.05E+00     4.86E+00     5.67E+00

  Moment    -2.53E+01    -3.75E+01    -3.88E+01    -3.30E+01    -2.37E+01    -1.42E+01    -7.02E+00    -2.23E+00

  Defn u    -5.01E-04    -3.39E-04    -2.12E-04    -1.26E-04    -8.01E-05    -3.75E-05    -1.46E-05    -3.16E-06

  Pile number   2 (y,z) plane

  Depth      0.00E+00     8.10E-01     1.62E+00     2.43E+00     3.24E+00     4.05E+00     4.86E+00     5.67E+00

  Moment     2.99E+01     2.73E+01     2.23E+01     1.62E+01     1.02E+01     5.25E+00     2.01E+00     4.07E-01

  Defn u     1.68E-04     9.09E-05     3.98E-05     9.86E-06    -3.54E-06    -7.96E-06    -5.98E-06    -2.08E-06



  Load case no.  8 out of 12

  Pile loads and deformations

  Linear elastic analysis

 Load step     1     No. of failed piles    0

  Pile forces and deflections at cap level:

         Vertical            Horizontal          Moment              Horizontal          Moment              Torque
         load                load (x)            (x to z)            load (y)            (y to z)            (x to y)

          2.1072E+03          5.9790E+01          7.0228E+02         -5.1210E+00         -6.0352E+01          3.1320E-01

         Vertical            Horizontal          Rotation            Horizontal          Rotation            Torsion
         deflection          defn  (x)           (x to z)            defn  (y)           (y to z)            (x to y)

          2.2869E-03          6.3568E-04          2.3411E-04         -1.7636E-04         -1.1331E-04          3.9840E-07

  Pile       Axial              Lateral            Moments            Lateral            Moments            Torques
  no.        loads              loads (x)          (x to z)           loads (y)          (y to z)           (x to y)
    1         7.8203E+02         2.9895E+01         2.5281E+01        -2.6510E+00        -3.0058E+01         4.8009E-02
    2         1.3251E+03         2.9895E+01         2.5281E+01        -2.4700E+00        -3.0293E+01         4.8009E-02


  Profiles of bending moments in the (x,z) plane and (optionally) lateral
  deflections (relative to soil) in the x direction for specified   2 piles



  Profiles of bending moments in the (y,z) plane and (optionally) lateral
  deflections (relative to soil) in the y direction for specified   2 piles

  Pile number   1 (x,z) plane

  Depth      0.00E+00     8.10E-01     1.62E+00     2.43E+00     3.24E+00     4.05E+00     4.86E+00     5.67E+00

  Moment     2.53E+01     3.75E+01     3.87E+01     3.30E+01     2.37E+01     1.42E+01     7.02E+00     2.23E+00

  Defn u     5.01E-04     3.39E-04     2.12E-04     1.26E-04     8.01E-05     3.76E-05     1.46E-05     3.16E-06

  Pile number   1 (y,z) plane

  Depth      0.00E+00     8.10E-01     1.62E+00     2.43E+00     3.24E+00     4.05E+00     4.86E+00     5.67E+00

  Moment    -3.01E+01    -2.75E+01    -2.24E+01    -1.63E+01    -1.02E+01    -5.28E+00    -2.02E+00    -4.09E-01

  Defn u    -1.68E-04    -9.14E-05    -4.00E-05    -9.95E-06     3.52E-06     7.97E-06     6.00E-06     2.09E-06

  Pile number   2 (x,z) plane

  Depth      0.00E+00     8.10E-01     1.62E+00     2.43E+00     3.24E+00     4.05E+00     4.86E+00     5.67E+00

  Moment     2.53E+01     3.75E+01     3.87E+01     3.30E+01     2.37E+01     1.42E+01     7.02E+00     2.23E+00

  Defn u     5.01E-04     3.39E-04     2.12E-04     1.26E-04     8.01E-05     3.76E-05     1.46E-05     3.16E-06

  Pile number   2 (y,z) plane

  Depth      0.00E+00     8.10E-01     1.62E+00     2.43E+00     3.24E+00     4.05E+00     4.86E+00     5.67E+00

  Moment    -3.03E+01    -2.76E+01    -2.25E+01    -1.63E+01    -1.02E+01    -5.25E+00    -1.99E+00    -3.99E-01

  Defn u    -1.67E-04    -9.02E-05    -3.91E-05    -9.17E-06     4.16E-06     8.36E-06     6.19E-06     2.14E-06



  Load case no.  9 out of 12

  Pile loads and deformations

  Linear elastic analysis

 Load step     1     No. of failed piles    0

  Pile forces and deflections at cap level:

         Vertical            Horizontal          Moment              Horizontal          Moment              Torque
         load                load (x)            (x to z)            load (y)            (y to z)            (x to y)

          2.1470E+03         -9.3120E+00         -1.0211E+02          5.0710E+01          5.7036E+02         -4.3310E-01

         Vertical            Horizontal          Rotation            Horizontal          Rotation            Torsion
         deflection          defn  (x)           (x to z)            defn  (y)           (y to z)            (x to y)

          2.3301E-03         -9.5940E-05         -3.4299E-05          1.6841E-03          1.0761E-03         -5.5093E-07

  Pile       Axial              Lateral            Moments            Lateral            Moments            Torques
  no.        loads              loads (x)          (x to z)           loads (y)          (y to z)           (x to y)
    1         1.1133E+03        -4.6560E+00        -3.3126E+00         2.5480E+01         2.8502E+02        -6.6389E-02
    2         1.0337E+03        -4.6560E+00        -3.3126E+00         2.5230E+01         2.8535E+02        -6.6389E-02


  Profiles of bending moments in the (x,z) plane and (optionally) lateral
  deflections (relative to soil) in the x direction for specified   2 piles



  Profiles of bending moments in the (y,z) plane and (optionally) lateral
  deflections (relative to soil) in the y direction for specified   2 piles

  Pile number   1 (x,z) plane

  Depth      0.00E+00     8.10E-01     1.62E+00     2.43E+00     3.24E+00     4.05E+00     4.86E+00     5.67E+00

  Moment    -3.31E+00    -5.30E+00    -5.60E+00    -4.83E+00    -3.50E+00    -2.12E+00    -1.06E+00    -3.42E-01

  Defn u    -7.52E-05    -5.14E-05    -3.26E-05    -1.97E-05    -1.27E-05    -6.11E-06    -2.44E-06    -5.46E-07

  Pile number   1 (y,z) plane

  Depth      0.00E+00     8.10E-01     1.62E+00     2.43E+00     3.24E+00     4.05E+00     4.86E+00     5.67E+00

  Moment     2.85E+02     2.61E+02     2.13E+02     1.55E+02     9.72E+01     5.02E+01     1.92E+01     3.90E+00

  Defn u     1.60E-03     8.70E-04     3.82E-04     9.58E-05    -3.24E-05    -7.50E-05    -5.67E-05    -1.97E-05

  Pile number   2 (x,z) plane

  Depth      0.00E+00     8.10E-01     1.62E+00     2.43E+00     3.24E+00     4.05E+00     4.86E+00     5.67E+00

  Moment    -3.31E+00    -5.30E+00    -5.60E+00    -4.83E+00    -3.50E+00    -2.12E+00    -1.06E+00    -3.42E-01

  Defn u    -7.52E-05    -5.14E-05    -3.26E-05    -1.97E-05    -1.27E-05    -6.11E-06    -2.44E-06    -5.46E-07

  Pile number   2 (y,z) plane

  Depth      0.00E+00     8.10E-01     1.62E+00     2.43E+00     3.24E+00     4.05E+00     4.86E+00     5.67E+00

  Moment     2.85E+02     2.61E+02     2.13E+02     1.55E+02     9.72E+01     5.01E+01     1.91E+01     3.89E+00

  Defn u     1.60E-03     8.68E-04     3.81E-04     9.47E-05    -3.32E-05    -7.56E-05    -5.69E-05    -1.98E-05



  Load case no. 10 out of 12

  Pile loads and deformations

  Linear elastic analysis

 Load step     1     No. of failed piles    0

  Pile forces and deflections at cap level:

         Vertical            Horizontal          Moment              Horizontal          Moment              Torque
         load                load (x)            (x to z)            load (y)            (y to z)            (x to y)

          2.1473E+03         -5.5200E+00         -5.5330E+01         -5.0600E+01         -5.6940E+02          2.5560E-01

         Vertical            Horizontal          Rotation            Horizontal          Rotation            Torsion
         deflection          defn  (x)           (x to z)            defn  (y)           (y to z)            (x to y)

          2.3304E-03         -5.4681E-05         -1.8786E-05         -1.6811E-03         -1.0742E-03          3.2514E-07

  Pile       Axial              Lateral            Moments            Lateral            Moments            Torques
  no.        loads              loads (x)          (x to z)           loads (y)          (y to z)           (x to y)
    1         1.0954E+03        -2.7600E+00        -1.5169E+00        -2.5374E+01        -2.8460E+02         3.9181E-02
    2         1.0518E+03        -2.7600E+00        -1.5169E+00        -2.5226E+01        -2.8480E+02         3.9181E-02


  Profiles of bending moments in the (x,z) plane and (optionally) lateral
  deflections (relative to soil) in the x direction for specified   2 piles



  Profiles of bending moments in the (y,z) plane and (optionally) lateral
  deflections (relative to soil) in the y direction for specified   2 piles

  Pile number   1 (x,z) plane

  Depth      0.00E+00     8.10E-01     1.62E+00     2.43E+00     3.24E+00     4.05E+00     4.86E+00     5.67E+00

  Moment    -1.52E+00    -2.75E+00    -3.02E+00    -2.65E+00    -1.95E+00    -1.19E+00    -6.07E-01    -1.99E-01

  Defn u    -4.26E-05    -2.95E-05    -1.90E-05    -1.17E-05    -7.71E-06    -3.80E-06    -1.57E-06    -3.62E-07

  Pile number   1 (y,z) plane

  Depth      0.00E+00     8.10E-01     1.62E+00     2.43E+00     3.24E+00     4.05E+00     4.86E+00     5.67E+00

  Moment    -2.85E+02    -2.60E+02    -2.13E+02    -1.54E+02    -9.70E+01    -5.01E+01    -1.91E+01    -3.89E+00

  Defn u    -1.60E-03    -8.68E-04    -3.81E-04    -9.54E-05     3.25E-05     7.50E-05     5.66E-05     1.97E-05

  Pile number   2 (x,z) plane

  Depth      0.00E+00     8.10E-01     1.62E+00     2.43E+00     3.24E+00     4.05E+00     4.86E+00     5.67E+00

  Moment    -1.52E+00    -2.75E+00    -3.02E+00    -2.65E+00    -1.95E+00    -1.19E+00    -6.07E-01    -1.99E-01

  Defn u    -4.26E-05    -2.95E-05    -1.90E-05    -1.17E-05    -7.71E-06    -3.80E-06    -1.57E-06    -3.62E-07

  Pile number   2 (y,z) plane

  Depth      0.00E+00     8.10E-01     1.62E+00     2.43E+00     3.24E+00     4.05E+00     4.86E+00     5.67E+00

  Moment    -2.85E+02    -2.60E+02    -2.13E+02    -1.54E+02    -9.70E+01    -5.01E+01    -1.91E+01    -3.88E+00

  Defn u    -1.60E-03    -8.67E-04    -3.80E-04    -9.48E-05     3.30E-05     7.54E-05     5.68E-05     1.98E-05



  Load case no. 11 out of 12

  Pile loads and deformations

  Linear elastic analysis

 Load step     1     No. of failed piles    0

  Pile forces and deflections at cap level:

         Vertical            Horizontal          Moment              Horizontal          Moment              Torque
         load                load (x)            (x to z)            load (y)            (y to z)            (x to y)

          2.2197E+03         -7.2960E+01         -4.8644E+02          1.7170E+01          1.8635E+02         -5.8630E-01

         Vertical            Horizontal          Rotation            Horizontal          Rotation            Torsion
         deflection          defn  (x)           (x to z)            defn  (y)           (y to z)            (x to y)

          2.4090E-03         -6.1953E-04         -1.7545E-04          5.5477E-04          3.5297E-04         -7.4580E-07

  Pile       Axial              Lateral            Moments            Lateral            Moments            Torques
  no.        loads              loads (x)          (x to z)           loads (y)          (y to z)           (x to y)
    1         1.3133E+03        -3.6480E+01         9.9495E-01         8.7544E+00         9.2957E+01        -8.9871E-02
    2         9.0632E+02        -3.6480E+01         9.9496E-01         8.4156E+00         9.3398E+01        -8.9871E-02


  Profiles of bending moments in the (x,z) plane and (optionally) lateral
  deflections (relative to soil) in the x direction for specified   2 piles



  Profiles of bending moments in the (y,z) plane and (optionally) lateral
  deflections (relative to soil) in the y direction for specified   2 piles

  Pile number   1 (x,z) plane

  Depth      0.00E+00     8.10E-01     1.62E+00     2.43E+00     3.24E+00     4.05E+00     4.86E+00     5.67E+00

  Moment     9.95E-01    -1.81E+01    -2.55E+01    -2.49E+01    -1.96E+01    -1.27E+01    -6.97E+00    -2.47E+00

  Defn u    -4.69E-04    -3.43E-04    -2.35E-04    -1.55E-04    -1.10E-04    -5.88E-05    -2.62E-05    -6.57E-06

  Pile number   1 (y,z) plane

  Depth      0.00E+00     8.10E-01     1.62E+00     2.43E+00     3.24E+00     4.05E+00     4.86E+00     5.67E+00

  Moment     9.30E+01     8.52E+01     6.98E+01     5.08E+01     3.19E+01     1.65E+01     6.34E+00     1.30E+00

  Defn u     5.28E-04     2.88E-04     1.27E-04     3.31E-05    -9.22E-06    -2.38E-05    -1.82E-05    -6.36E-06

  Pile number   2 (x,z) plane

  Depth      0.00E+00     8.10E-01     1.62E+00     2.43E+00     3.24E+00     4.05E+00     4.86E+00     5.67E+00

  Moment     9.95E-01    -1.81E+01    -2.55E+01    -2.49E+01    -1.96E+01    -1.27E+01    -6.97E+00    -2.47E+00

  Defn u    -4.69E-04    -3.43E-04    -2.35E-04    -1.55E-04    -1.10E-04    -5.88E-05    -2.62E-05    -6.57E-06

  Pile number   2 (y,z) plane

  Depth      0.00E+00     8.10E-01     1.62E+00     2.43E+00     3.24E+00     4.05E+00     4.86E+00     5.67E+00

  Moment     9.34E+01     8.54E+01     6.98E+01     5.07E+01     3.19E+01     1.65E+01     6.30E+00     1.28E+00

  Defn u     5.25E-04     2.86E-04     1.26E-04     3.17E-05    -1.04E-05    -2.45E-05    -1.85E-05    -6.46E-06



  Load case no. 12 out of 12

  Pile loads and deformations

  Linear elastic analysis

 Load step     1     No. of failed piles    0

  Pile forces and deflections at cap level:

         Vertical            Horizontal          Moment              Horizontal          Moment              Torque
         load                load (x)            (x to z)            load (y)            (y to z)            (x to y)

          2.1052E+03          2.0440E+01          2.4066E+02         -2.2740E+01         -2.6911E+02          4.8250E-01

         Vertical            Horizontal          Rotation            Horizontal          Rotation            Torsion
         deflection          defn  (x)           (x to z)            defn  (y)           (y to z)            (x to y)

          2.2847E-03          2.1756E-04          8.0205E-05         -7.8567E-04         -5.0502E-04          6.1376E-07

  Pile       Axial              Lateral            Moments            Lateral            Moments            Torques
  no.        loads              loads (x)          (x to z)           loads (y)          (y to z)           (x to y)
    1         9.5955E+02         1.0220E+01         8.6920E+00        -1.1509E+01        -1.3437E+02         7.3960E-02
    2         1.1456E+03         1.0220E+01         8.6920E+00        -1.1231E+01        -1.3474E+02         7.3960E-02


  Profiles of bending moments in the (x,z) plane and (optionally) lateral
  deflections (relative to soil) in the x direction for specified   2 piles



  Profiles of bending moments in the (y,z) plane and (optionally) lateral
  deflections (relative to soil) in the y direction for specified   2 piles

  Pile number   1 (x,z) plane

  Depth      0.00E+00     8.10E-01     1.62E+00     2.43E+00     3.24E+00     4.05E+00     4.86E+00     5.67E+00

  Moment     8.69E+00     1.29E+01     1.33E+01     1.13E+01     8.10E+00     4.87E+00     2.40E+00     7.61E-01

  Defn u     1.71E-04     1.16E-04     7.26E-05     4.31E-05     2.74E-05     1.28E-05     4.99E-06     1.08E-06

  Pile number   1 (y,z) plane

  Depth      0.00E+00     8.10E-01     1.62E+00     2.43E+00     3.24E+00     4.05E+00     4.86E+00     5.67E+00

  Moment    -1.34E+02    -1.23E+02    -1.00E+02    -7.26E+01    -4.56E+01    -2.35E+01    -8.94E+00    -1.81E+00

  Defn u    -7.48E-04    -4.05E-04    -1.77E-04    -4.30E-05     1.68E-05     3.62E-05     2.71E-05     9.40E-06

  Pile number   2 (x,z) plane

  Depth      0.00E+00     8.10E-01     1.62E+00     2.43E+00     3.24E+00     4.05E+00     4.86E+00     5.67E+00

  Moment     8.69E+00     1.29E+01     1.33E+01     1.13E+01     8.10E+00     4.87E+00     2.40E+00     7.61E-01

  Defn u     1.71E-04     1.16E-04     7.26E-05     4.31E-05     2.74E-05     1.28E-05     4.99E-06     1.08E-06

  Pile number   2 (y,z) plane

  Depth      0.00E+00     8.10E-01     1.62E+00     2.43E+00     3.24E+00     4.05E+00     4.86E+00     5.67E+00

  Moment    -1.35E+02    -1.23E+02    -1.00E+02    -7.26E+01    -4.55E+01    -2.34E+01    -8.91E+00    -1.79E+00

  Defn u    -7.46E-04    -4.03E-04    -1.75E-04    -4.18E-05     1.77E-05     3.68E-05     2.74E-05     9.48E-06



  Summary Tables for all load cases

  Pile cap loads at origin:

  Case      Vertical   Horizontal  Horizontal    Moment      Moment      Torque
   no.        load      load (x)    load (y)    (x to z)    (y to z)    (x to y)

    1         2147.0        -9.3        50.7      -102.1       570.4        -0.4
    2         2147.3        -5.5       -50.6       -55.3      -569.4         0.3
    3         2252.3        68.6        12.8       475.4       134.0         0.4
    4         2219.4       -74.0       -12.8      -494.3      -134.2         0.2
    5         2104.6       -27.9         9.0      -324.5       106.4         0.2
    6         3185.0         2.8         0.1        35.0         0.6        -0.0
    7         2107.0       -59.8         5.1      -702.9        60.1         0.3
    8         2107.2        59.8        -5.1       702.3       -60.4         0.3
    9         2147.0        -9.3        50.7      -102.1       570.4        -0.4
   10         2147.3        -5.5       -50.6       -55.3      -569.4         0.3
   11         2219.7       -73.0        17.2      -486.4       186.4        -0.6
   12         2105.2        20.4       -22.7       240.7      -269.1         0.5

  Case      Vertical   Horizontal  Horizontal   Rotation    Rotation     Twist
   no.     deflection   defn (x)    defn (y)    (x to z)    (y to z)    (x to y)

    1       0.002330   -0.000096    0.001684   -0.000034    0.001076   -0.000001
    2       0.002330   -0.000055   -0.001681   -0.000019   -0.001074    0.000000
    3       0.002444    0.000590    0.000402    0.000170    0.000255    0.000001
    4       0.002409   -0.000629   -0.000403   -0.000178   -0.000255    0.000000
    5       0.002284   -0.000295    0.000311   -0.000108    0.000200    0.000000
    6       0.003457    0.000031    0.000002    0.000012    0.000001   -0.000000
    7       0.002287   -0.000636    0.000176   -0.000234    0.000113    0.000000
    8       0.002287    0.000636   -0.000176    0.000234   -0.000113    0.000000
    9       0.002330   -0.000096    0.001684   -0.000034    0.001076   -0.000001
   10       0.002330   -0.000055   -0.001681   -0.000019   -0.001074    0.000000
   11       0.002409   -0.000620    0.000555   -0.000175    0.000353   -0.000001
   12       0.002285    0.000218   -0.000786    0.000080   -0.000505    0.000001

  Pile forces and deflections at cap level:

  Pile  Case      Axial    Lateral     Lateral      Moment      Moment      Torque      Axial      Lateral     Lateral
   no.   no.      load     load (x)    load (y)    (x to z)    (y to z)    (x to y)   deflection   defn (x)    defn (y)
 
    1     1      1113.3        -4.7        25.5        -3.3       285.0        -0.1     0.00237    -0.00010     0.00168
    1     2      1095.4        -2.8       -25.4        -1.5      -284.6         0.0     0.00235    -0.00005    -0.00168
    1     3       928.5        34.3         6.3         0.6        67.1         0.1     0.00224     0.00059     0.00040
    1     4      1316.4       -37.0        -6.5         0.9       -67.1         0.0     0.00262    -0.00063    -0.00040
    1     5      1177.9       -14.0         4.4       -11.5        53.3         0.0     0.00241    -0.00030     0.00031
    1     6      1579.0         1.4         0.0         1.4         0.3        -0.0     0.00344     0.00003     0.00000
    1     7      1325.2       -29.9         2.5       -25.3        30.1         0.0     0.00257    -0.00064     0.00018
    1     8       782.0        29.9        -2.7        25.3       -30.1         0.0     0.00201     0.00064    -0.00018
    1     9      1113.3        -4.7        25.5        -3.3       285.0        -0.1     0.00237    -0.00010     0.00168
    1    10      1095.4        -2.8       -25.4        -1.5      -284.6         0.0     0.00235    -0.00005    -0.00168
    1    11      1313.3       -36.5         8.8         1.0        93.0        -0.1     0.00262    -0.00062     0.00056
    1    12       959.5        10.2       -11.5         8.7      -134.4         0.1     0.00219     0.00022    -0.00079
 
    2     1      1033.7        -4.7        25.2        -3.3       285.3        -0.1     0.00229    -0.00010     0.00168
    2     2      1051.8        -2.8       -25.2        -1.5      -284.8         0.0     0.00231    -0.00005    -0.00168
    2     3      1323.7        34.3         6.5         0.6        66.8         0.1     0.00265     0.00059     0.00040
    2     4       903.0       -37.0        -6.4         0.9       -67.2         0.0     0.00219    -0.00063    -0.00040
    2     5       926.7       -14.0         4.6       -11.5        53.1         0.0     0.00215    -0.00030     0.00031
    2     6      1605.9         1.4         0.0         1.4         0.3        -0.0     0.00347     0.00003     0.00000
    2     7       781.7       -29.9         2.6       -25.3        29.9         0.0     0.00201    -0.00064     0.00018
    2     8      1325.1        29.9        -2.5        25.3       -30.3         0.0     0.00257     0.00064    -0.00018
    2     9      1033.7        -4.7        25.2        -3.3       285.3        -0.1     0.00229    -0.00010     0.00168
    2    10      1051.8        -2.8       -25.2        -1.5      -284.8         0.0     0.00231    -0.00005    -0.00168
    2    11       906.3       -36.5         8.4         1.0        93.4        -0.1     0.00220    -0.00062     0.00055
    2    12      1145.6        10.2       -11.2         8.7      -134.7         0.1     0.00238     0.00022    -0.00078
  &l0HE
