  Pile group analysis for   1 piles under vertical and horizontal loading in one plane only

  Pile details are

            Freestanding length =  1.250E+00

            Equivalent Youngs modulus of embedded section of piles:

                      Axial :   3.000E+07 , Lateral (x-z):  3.000E+07

            Equivalent Youngs modulus of freestanding section of piles:

                      Axial :   3.000E+07 , Lateral (x-z):  3.000E+07

  Piles are constrained rotationally at pile cap, with relative fixity  0.1000E+01

  Pile layout details are:

           Pile no.        Radius         Base radius    X co-ord       Y co-ord       Embedment      Rake psi(x)    Rake psi(y)

               1            4.500E-01      4.500E-01      0.000E+00      0.000E+00      2.000E+01      0.000E+00      0.000E+00
  Soil properties are:

            Axial load-deformation  -  G(0) =  1.000E+04
                                       dG/dz =  5.000E+03
                                       G(L)/G(b) =  8.148E-01
                                       Nu =  0.250
                                       Hyperbolic f =  0.000
                                       Hyperbolic g =    1.000
                                       Axial capacity tension-compression ratio =    0.800

            Lateral load-deformation - G(0) =  4.000E+03
                                       dG/dz =  8.500E+02
                                       Nu =  0.250
                                       Stiffness halved at u0/D =  0.000
                                       Hyperbolic power p =  1.000

  Nonlinear analysis with number of loading steps =  20


  Parameters for axial load-deformation behaviour are:

        Shear modulus at level of pile 1 base is G(L) =  1.100E+05
        Rho (pile 1) = G(L/2)/G(L) =  5.455E-01
        Shear modulus below pile pile 1 base is G(b) =  1.350E+05
        Xi = G(L)/G(b) =  8.148E-01
        Poissons ratio is nu =  0.250    
        Rm (pile 1) = 2.5*D + (0.25+xi*(2.5*rho*(1-nu)-0.25))*L +  0.000E+00 =  1.984E+01
        Pile 1 stiffness ratio is Epa/G(L) =  2.727E+02
        Axial flexibility of pile 1 (isolated, at mudline) =  8.960E-07


  Parameters for lateral load-deformation behaviour (x-z plane) are:

            Gc = (G(0)+(Lc/2)*Gm*(1.+0.75nu) =  9.316E+03
            Rhoc=G(Lc/4)/G(Lc/2) =  7.549E-01
            Critical slenderness ratio is Sc =  2.010E+01
            Critical depth is Lc =  9.047E+00
            Lateral flexibilities (isolated, at mudline) of first pile are:
                        u/H =  2.691E-05
                        th/H or u/M =  6.610E-06
                        th/M =  3.386E-06



  The following pages of output give the load deformation behaviour of the pile group under 
  vertical and horizontal loading in one plane


  1)  For unit vertical deflection of pile cap:

  Pile       Axial              Lateral            Moments
  no,        loads              loads (x)          (x to z)
    1         1.0400E+06         0.0000E+00         0.0000E+00


  2)  For unit horizontal deflection of pile cap - in x direction:

  Pile       Axial              Lateral            Moments
  no,        loads              loads (x)          (x to z)
    1         0.0000E+00         4.9042E+04        -1.2210E+05


  3)  For unit rotation of pile cap - x towards z about y axis:

  Pile       Axial              Lateral            Moments
  no,        loads              loads (x)          (x to z)
    1         0.0000E+00        -1.2210E+05         5.1770E+05


  Overall group stiffness matrix is :

                                  Total          Total          Total
                                  vertical       horizontal     moment
                                  load           load (x)       (x to z)

  Unit vertical deflection         1.0400E+06     0.0000E+00     0.0000E+00

  Unit horizontal movement (x)     0.0000E+00     4.9042E+04    -1.2210E+05

  Unit rotation (x to z)           0.0000E+00    -1.2210E+05     5.1770E+05






  Overall group flexibility matrix is :

                                  Vertical       Horizontal     Rotation (x
                                  deflection     deflection     to z about
                                  x = y = 0.0    (x dir.)       y axis)

  Unit vertical load               9.6153E-07     0.0000E+00     0.0000E+00

  Unit horizontal load (x)         0.0000E+00     4.9396E-05     1.1650E-05

  Unit moment (x to z)             0.0000E+00     1.1650E-05     4.6794E-06


  Load case no.  1 out of  1

  Pile loads and deformations

  Linear elastic analysis

 Load step     1     No. of failed piles    0

  Pile forces and deflections at cap level:

         Vertical            Horizontal          Moment
         load                load (x)            (x to z)

          3.2057E+03          8.6801E+02         -1.4791E+03

         Vertical            Horizontal          Rotation
         deflection          defn  (x)           (x to z)

          3.0824E-03          2.5645E-02          3.1913E-03

  Pile       Axial              Lateral            Moments
  no,        loads              loads (x)          (x to z)
    1         3.2057E+03         8.6801E+02        -1.4791E+03


  Profiles of bending moments in the (x,z) plane and (optionally) lateral
  deflections (relative to soil) in the x direction for specified   1 piles

  Pile number   1 (x,z) plane

  Depth      0.00E+00     1.13E+00     2.26E+00     3.39E+00     4.52E+00     5.65E+00     6.79E+00     7.92E+00

  Moment    -3.94E+02     3.09E+02     6.52E+02     7.27E+02     6.21E+02     4.20E+02     2.40E+02     8.95E+01

  Defn u     2.08E-02     1.57E-02     1.11E-02     7.50E-03     5.37E-03     2.94E-03     1.35E-03     3.49E-04



  Summary Tables for all load cases

  Pile cap loads at origin:

  Case      Vertical   Horizontal  Horizontal    Moment      Moment      Torque
   no.        load      load (x)    load (y)    (x to z)    (y to z)    (x to y)

    1         3205.7       868.0         0.0     -1479.1         0.0         0.0

  Case      Vertical   Horizontal  Horizontal   Rotation    Rotation     Twist
   no.     deflection   defn (x)    defn (y)    (x to z)    (y to z)    (x to y)

    1       0.003082    0.025645    0.000000    0.003191    0.000000    0.000000

  Pile forces and deflections at cap level:

  Pile  Case      Axial    Lateral     Lateral      Moment      Moment      Torque      Axial      Lateral     Lateral
   no.   no.      load     load (x)    load (y)    (x to z)    (y to z)    (x to y)   deflection   defn (x)    defn (y)
 
    1     1      3205.7       868.0         0.0     -1479.1         0.0         0.0     0.00308     0.02564     0.00000
  &l0HE
